2025-08-08 00:59:09,517 [INFO] Starting analysis...
2025-08-08 00:59:11,239 [ERROR] \u274c Error during analysis: module 'analysis.authors' has no attribute 'analyze'
Traceback (most recent call last):
  File "C:\Users\PC\PycharmProjects\PIRO analyzer\analysis\analyze_to_excel.py", line 35, in run_analysis
    "Author Stats": authors.analyze(),
                    ^^^^^^^^^^^^^^^
AttributeError: module 'analysis.authors' has no attribute 'analyze'
2025-08-08 01:03:39,449 [INFO] Starting analysis...
2025-08-08 01:03:41,162 [ERROR] \u274c Error during analysis: analyze() missing 1 required positional argument: 'df'
Traceback (most recent call last):
  File "C:\Users\PC\PycharmProjects\PIRO analyzer\analysis\analyze_to_excel.py", line 35, in run_analysis
    "Author Stats": authors.analyze(),
                    ^^^^^^^^^^^^^^^^^
TypeError: analyze() missing 1 required positional argument: 'df'
2025-08-08 01:08:11,313 [INFO] Starting analysis...
2025-08-08 01:08:11,314 [ERROR] \u274c Error during analysis: [Errno 2] No such file or directory: 'C:\\Users\\PC\\PycharmProjects\\PIRO analyzer\\data\\pirotable.xlsx'
Traceback (most recent call last):
  File "C:\Users\PC\PycharmProjects\PIRO analyzer\analysis\analyze_to_excel.py", line 26, in run_analysis
    df = pd.read_excel(INPUT_FILE)
         ^^^^^^^^^^^^^^^^^^^^^^^^^
  File "C:\Users\PC\PycharmProjects\PIRO analyzer\.venv\Lib\site-packages\pandas\io\excel\_base.py", line 495, in read_excel
    io = ExcelFile(
         ^^^^^^^^^^
  File "C:\Users\PC\PycharmProjects\PIRO analyzer\.venv\Lib\site-packages\pandas\io\excel\_base.py", line 1550, in __init__
    ext = inspect_excel_format(
          ^^^^^^^^^^^^^^^^^^^^^
  File "C:\Users\PC\PycharmProjects\PIRO analyzer\.venv\Lib\site-packages\pandas\io\excel\_base.py", line 1402, in inspect_excel_format
    with get_handle(
         ^^^^^^^^^^^
  File "C:\Users\PC\PycharmProjects\PIRO analyzer\.venv\Lib\site-packages\pandas\io\common.py", line 882, in get_handle
    handle = open(handle, ioargs.mode)
             ^^^^^^^^^^^^^^^^^^^^^^^^^
FileNotFoundError: [Errno 2] No such file or directory: 'C:\\Users\\PC\\PycharmProjects\\PIRO analyzer\\data\\pirotable.xlsx'
2025-08-08 01:11:32,510 [INFO] \U0001f4e5 Reading data from Excel: C:\Users\PC\PycharmProjects\PIRO analyzer\data\results_piro_metadata.xlsx
2025-08-08 01:11:34,833 [INFO] \U0001f50d Starting analysis modules...
2025-08-08 01:11:34,833 [ERROR] \u274c Error during analysis: module 'analysis.summarize' has no attribute 'analyze'
Traceback (most recent call last):
  File "C:\Users\PC\PycharmProjects\PIRO analyzer\analysis\analyze_to_excel.py", line 38, in run_analysis
    "Summary Stats": summarize.analyze(df),
                     ^^^^^^^^^^^^^^^^^
AttributeError: module 'analysis.summarize' has no attribute 'analyze'
