2025-08-07 00:05:52,051 INFO: === Script start ===
2025-08-07 00:05:52,605 INFO: Starting metadata fetch: 3995 rows, 0 already done
2025-08-07 00:05:52,606 INFO: [1/3995] Fetching row 0: https://archive.org/details/orientalwesterns00atkiuoft
2025-08-07 00:05:55,662 INFO: [2/3995] Fetching row 1: https://archive.org/details/orientalwesterns00atkiuoft
2025-08-07 00:05:58,313 INFO: [3/3995] Fetching row 2: https://archive.org/details/orientalwesterns00atkiuoft
2025-08-07 00:06:01,836 INFO: [4/3995] Fetching row 3: https://archive.org/details/peoplesandpolit01normgoog
2025-08-07 00:06:04,355 INFO: [5/3995] Fetching row 4: https://archive.org/details/russiancentrala02lansgoog
2025-08-07 00:06:06,927 INFO: [6/3995] Fetching row 5: https://archive.org/details/russiancentrala02lansgoog
2025-08-07 00:06:09,590 INFO: [7/3995] Fetching row 6: https://archive.org/details/russiancentrala02lansgoog
2025-08-07 00:06:12,400 INFO: [8/3995] Fetching row 7: https://archive.org/details/russiancentrala02lansgoog
2025-08-07 00:06:15,312 INFO: [9/3995] Fetching row 8: https://archive.org/details/russiancentrala02lansgoog
2025-08-07 00:06:18,334 INFO: [10/3995] Fetching row 9: https://archive.org/details/russiancentrala02lansgoog
2025-08-07 00:06:20,868 INFO: [11/3995] Fetching row 10: https://archive.org/details/russiancentrala02lansgoog
2025-08-07 00:06:26,332 INFO: [12/3995] Fetching row 11: https://archive.org/details/russiancentrala02lansgoog
2025-08-07 00:06:31,238 INFO: [13/3995] Fetching row 12: https://archive.org/details/russiancentrala02lansgoog
2025-08-07 00:06:35,123 INFO: [14/3995] Fetching row 13: https://archive.org/details/russiancentrala02lansgoog
2025-08-07 00:06:38,838 INFO: [15/3995] Fetching row 14: https://archive.org/details/russiancentrala02lansgoog
2025-08-07 00:06:43,723 INFO: [16/3995] Fetching row 15: https://archive.org/details/russiancentrala02lansgoog
2025-08-07 00:06:46,288 INFO: [17/3995] Fetching row 16: https://archive.org/details/russiancentrala02lansgoog
2025-08-07 00:06:49,885 INFO: [18/3995] Fetching row 17: https://archive.org/details/russiancentrala02lansgoog
2025-08-07 00:06:52,511 INFO: [19/3995] Fetching row 18: https://archive.org/details/russiancentrala02lansgoog
2025-08-07 00:06:56,166 INFO: [20/3995] Fetching row 19: https://archive.org/details/russiancentrala02lansgoog
2025-08-07 00:07:00,995 INFO: [21/3995] Fetching row 20: https://archive.org/details/russiancentrala02lansgoog
2025-08-07 00:07:05,421 INFO: [22/3995] Fetching row 21: https://archive.org/details/russiancentrala02lansgoog
2025-08-07 00:07:08,602 INFO: [23/3995] Fetching row 22: https://archive.org/details/russiancentrala02lansgoog
2025-08-07 00:07:11,476 INFO: [24/3995] Fetching row 23: https://archive.org/details/russiancentrala02lansgoog
2025-08-07 00:07:14,571 INFO: [25/3995] Fetching row 24: https://archive.org/details/russiancentrala02lansgoog
2025-08-07 00:07:17,721 INFO: [26/3995] Fetching row 25: https://archive.org/details/russiancentrala02lansgoog
2025-08-07 00:07:20,347 INFO: [27/3995] Fetching row 26: https://archive.org/details/russiancentrala02lansgoog
2025-08-07 00:07:23,816 INFO: [28/3995] Fetching row 27: https://archive.org/details/russiancentrala02lansgoog
2025-08-07 00:07:27,021 INFO: [29/3995] Fetching row 28: https://archive.org/details/russiancentrala02lansgoog
2025-08-07 00:07:30,593 INFO: [30/3995] Fetching row 29: https://archive.org/details/russiancentrala02lansgoog
2025-08-07 00:07:33,216 INFO: [31/3995] Fetching row 30: https://archive.org/details/russiancentrala02lansgoog
2025-08-07 00:07:38,134 INFO: [32/3995] Fetching row 31: https://archive.org/details/russiancentrala02lansgoog
2025-08-07 00:07:40,880 INFO: [33/3995] Fetching row 32: https://archive.org/details/russiancentrala02lansgoog
2025-08-07 00:07:45,668 INFO: [34/3995] Fetching row 33: https://archive.org/details/russiancentrala02lansgoog
2025-08-07 00:07:53,598 INFO: [35/3995] Fetching row 34: https://archive.org/details/russiancentrala02lansgoog
2025-08-07 00:07:56,732 INFO: [36/3995] Fetching row 35: https://archive.org/details/russiancentrala02lansgoog
2025-08-07 00:08:01,851 INFO: [37/3995] Fetching row 36: https://archive.org/details/russiancentrala02lansgoog
2025-08-07 00:08:04,616 INFO: [38/3995] Fetching row 37: https://archive.org/details/russiancentrala02lansgoog
2025-08-07 00:08:07,461 INFO: [39/3995] Fetching row 38: https://archive.org/details/russiancentrala02lansgoog
2025-08-07 00:08:10,401 INFO: [40/3995] Fetching row 39: https://archive.org/details/russiancentrala02lansgoog
2025-08-07 00:08:13,560 INFO: [41/3995] Fetching row 40: https://archive.org/details/russiancentrala02lansgoog
2025-08-07 00:08:16,773 INFO: [42/3995] Fetching row 41: https://archive.org/details/russiancentrala02lansgoog
2025-08-07 00:08:35,401 INFO: === Script start ===
2025-08-07 00:08:35,953 INFO: Starting fetch: total=3995, already done=42
2025-08-07 00:08:35,953 INFO: Processing 43/3995: row 42
2025-08-07 00:08:37,746 INFO: Fetched https://archive.org/details/russiancentrala02lansgoog: author=None, year=None
2025-08-07 00:08:38,748 INFO: Processing 44/3995: row 43
2025-08-07 00:08:41,732 INFO: Fetched https://archive.org/details/russiancentrala02lansgoog: author=None, year=None
2025-08-07 00:08:42,734 INFO: Processing 45/3995: row 44
2025-08-07 00:08:44,701 INFO: Fetched https://archive.org/details/russiancentrala02lansgoog: author=None, year=None
2025-08-07 00:08:45,703 INFO: Processing 46/3995: row 45
2025-08-07 00:08:47,477 INFO: Fetched https://archive.org/details/russiancentrala02lansgoog: author=None, year=None
2025-08-07 00:08:48,479 INFO: Processing 47/3995: row 46
2025-08-07 00:08:50,831 INFO: Fetched https://archive.org/details/russiancentrala02lansgoog: author=None, year=None
2025-08-07 00:08:51,832 INFO: Processing 48/3995: row 47
2025-08-07 00:08:56,861 INFO: Fetched https://archive.org/details/russiancentrala02lansgoog: author=None, year=None
2025-08-07 00:09:03,980 INFO: === Script start ===
2025-08-07 00:09:04,555 INFO: Starting fetch: total=3995, already done=48
2025-08-07 00:09:04,555 INFO: Processing 49/3995: row 48
2025-08-07 00:09:06,651 INFO: Fetched https://archive.org/details/russiancentrala02lansgoog: author=None, year=None
2025-08-07 00:09:07,653 INFO: Processing 50/3995: row 49
2025-08-07 00:09:10,345 INFO: Fetched https://archive.org/details/russiancentrala02lansgoog: author=None, year=None
2025-08-07 00:09:11,347 INFO: Processing 51/3995: row 50
2025-08-07 00:09:13,094 INFO: Fetched https://archive.org/details/russiancentrala02lansgoog: author=None, year=None
2025-08-07 00:09:14,096 INFO: Processing 52/3995: row 51
2025-08-07 00:09:15,890 INFO: Fetched https://archive.org/details/russiancentrala02lansgoog: author=None, year=None
2025-08-07 00:09:16,892 INFO: Processing 53/3995: row 52
2025-08-07 00:09:18,629 INFO: Fetched https://archive.org/details/russiancentrala02lansgoog: author=None, year=None
2025-08-07 00:09:19,631 INFO: Processing 54/3995: row 53
2025-08-07 00:09:22,977 INFO: Fetched https://archive.org/details/russiancentrala02lansgoog: author=None, year=None
2025-08-07 00:09:23,978 INFO: Processing 55/3995: row 54
2025-08-07 00:09:26,498 INFO: Fetched https://archive.org/details/russiancentrala02lansgoog: author=None, year=None
2025-08-07 00:09:27,500 INFO: Processing 56/3995: row 55
2025-08-07 00:09:29,754 INFO: Fetched https://archive.org/details/39020001508046-alltherussianst: author=None, year=None
2025-08-07 00:09:30,755 INFO: Processing 57/3995: row 56
2025-08-07 00:09:33,793 INFO: Fetched https://archive.org/details/39020001508046-alltherussianst: author=None, year=None
2025-08-07 00:09:34,795 INFO: Processing 58/3995: row 57
2025-08-07 00:09:36,550 INFO: Fetched https://archive.org/details/39020001508046-alltherussianst: author=None, year=None
2025-08-07 00:09:37,552 INFO: Processing 59/3995: row 58
2025-08-07 00:09:39,243 INFO: Fetched https://archive.org/details/39020001508046-alltherussianst: author=None, year=None
2025-08-07 00:09:40,245 INFO: Processing 60/3995: row 59
2025-08-07 00:09:42,703 INFO: Fetched https://archive.org/details/39020001508046-alltherussianst: author=None, year=None
2025-08-07 00:09:43,705 INFO: Processing 61/3995: row 60
2025-08-07 00:09:45,584 INFO: Fetched https://archive.org/details/39020001508046-alltherussianst: author=None, year=None
2025-08-07 00:09:46,586 INFO: Processing 62/3995: row 61
2025-08-07 00:09:48,869 INFO: Fetched https://archive.org/details/39020001508046-alltherussianst: author=None, year=None
2025-08-07 00:09:49,871 INFO: Processing 63/3995: row 62
2025-08-07 00:09:52,122 INFO: Fetched https://archive.org/details/39020001508046-alltherussianst: author=None, year=None
2025-08-07 00:09:53,124 INFO: Processing 64/3995: row 63
2025-08-07 00:09:56,457 INFO: Fetched https://archive.org/details/39020001508046-alltherussianst: author=None, year=None
2025-08-07 00:09:57,458 INFO: Processing 65/3995: row 64
2025-08-07 00:09:59,123 INFO: Fetched https://archive.org/details/39020001508046-alltherussianst: author=None, year=None
2025-08-07 00:10:00,147 INFO: Processing 66/3995: row 65
2025-08-07 00:10:01,905 INFO: Fetched https://archive.org/details/39020001508046-alltherussianst: author=None, year=None
2025-08-07 00:10:02,907 INFO: Processing 67/3995: row 66
2025-08-07 00:10:04,884 INFO: Fetched https://archive.org/details/39020001508046-alltherussianst: author=None, year=None
2025-08-07 00:10:05,886 INFO: Processing 68/3995: row 67
2025-08-07 00:10:07,655 INFO: Fetched https://archive.org/details/39020001508046-alltherussianst: author=None, year=None
2025-08-07 00:10:08,657 INFO: Processing 69/3995: row 68
2025-08-07 00:10:10,296 INFO: Fetched https://archive.org/details/39020001508046-alltherussianst: author=None, year=None
2025-08-07 00:10:11,298 INFO: Processing 70/3995: row 69
2025-08-07 00:10:13,284 INFO: Fetched https://archive.org/details/39020001508046-alltherussianst: author=None, year=None
2025-08-07 00:10:14,285 INFO: Processing 71/3995: row 70
2025-08-07 00:10:17,959 INFO: Fetched https://archive.org/details/39020001508046-alltherussianst: author=None, year=None
2025-08-07 00:10:18,962 INFO: Processing 72/3995: row 71
2025-08-07 00:10:20,941 INFO: Fetched https://archive.org/details/fromarcticoceant00pric: author=None, year=None
2025-08-07 00:10:21,943 INFO: Processing 73/3995: row 72
2025-08-07 00:10:24,139 INFO: Fetched https://archive.org/details/fromarcticoceant00pric: author=None, year=None
2025-08-07 00:10:25,141 INFO: Processing 74/3995: row 73
2025-08-07 00:10:26,923 INFO: Fetched https://archive.org/details/fromarcticoceant00pric: author=None, year=None
2025-08-07 00:10:27,925 INFO: Processing 75/3995: row 74
2025-08-07 00:10:29,913 INFO: Fetched https://archive.org/details/fromarcticoceant00pric: author=None, year=None
2025-08-07 00:10:30,915 INFO: Processing 76/3995: row 75
2025-08-07 00:10:33,419 INFO: Fetched https://archive.org/details/fromarcticoceant00pric: author=None, year=None
2025-08-07 00:10:34,420 INFO: Processing 77/3995: row 76
2025-08-07 00:10:36,449 INFO: Fetched https://archive.org/details/fromarcticoceant00pric: author=None, year=None
2025-08-07 00:10:37,450 INFO: Processing 78/3995: row 77
2025-08-07 00:10:40,039 INFO: Fetched https://archive.org/details/fromparistopeki00meig: author=None, year=None
2025-08-07 00:10:41,041 INFO: Processing 79/3995: row 78
2025-08-07 00:10:42,615 INFO: Fetched https://archive.org/details/fromparistopeki00meig: author=None, year=None
2025-08-07 00:10:43,617 INFO: Processing 80/3995: row 79
2025-08-07 00:10:46,578 INFO: Fetched https://archive.org/details/fromparistopeki00meig: author=None, year=None
2025-08-07 00:10:47,580 INFO: Processing 81/3995: row 80
2025-08-07 00:10:49,450 INFO: Fetched https://archive.org/details/fromparistopeki00meig: author=None, year=None
2025-08-07 00:10:50,452 INFO: Processing 82/3995: row 81
2025-08-07 00:10:53,073 INFO: Fetched https://archive.org/details/fromparistopeki00meig: author=None, year=None
2025-08-07 00:10:54,075 INFO: Processing 83/3995: row 82
2025-08-07 00:10:56,059 INFO: Fetched https://archive.org/details/fromparistopeki00meig: author=None, year=None
2025-08-07 00:10:57,061 INFO: Processing 84/3995: row 83
2025-08-07 00:11:00,378 INFO: Fetched https://archive.org/details/fromparistopeki00meig: author=None, year=None
2025-08-07 00:11:01,379 INFO: Processing 85/3995: row 84
2025-08-07 00:11:04,483 INFO: Fetched https://archive.org/details/fromparistopeki00meig: author=None, year=None
2025-08-07 00:11:05,484 INFO: Processing 86/3995: row 85
2025-08-07 00:11:08,331 INFO: Fetched https://archive.org/details/fromparistopeki00meig: author=None, year=None
2025-08-07 00:11:09,333 INFO: Processing 87/3995: row 86
2025-08-07 00:11:10,977 INFO: Fetched https://archive.org/details/fromparistopeki00meig: author=None, year=None
2025-08-07 00:11:11,979 INFO: Processing 88/3995: row 87
2025-08-07 00:11:14,213 INFO: Fetched https://archive.org/details/fromparistopeki00meig: author=None, year=None
2025-08-07 00:11:15,214 INFO: Processing 89/3995: row 88
2025-08-07 00:11:17,198 INFO: Fetched https://archive.org/details/fromparistopeki00meig: author=None, year=None
2025-08-07 00:11:18,199 INFO: Processing 90/3995: row 89
2025-08-07 00:11:20,107 INFO: Fetched https://archive.org/details/fromparistopeki00meig: author=None, year=None
2025-08-07 00:11:21,109 INFO: Processing 91/3995: row 90
2025-08-07 00:11:22,603 INFO: Fetched https://archive.org/details/fromparistopeki00meig: author=None, year=None
2025-08-07 00:11:23,605 INFO: Processing 92/3995: row 91
2025-08-07 00:11:25,428 INFO: Fetched https://archive.org/details/fromparistopeki00meig: author=None, year=None
2025-08-07 00:11:26,430 INFO: Processing 93/3995: row 92
2025-08-07 00:11:28,156 INFO: Fetched https://archive.org/details/fromparistopeki00meig: author=None, year=None
2025-08-07 00:11:29,157 INFO: Processing 94/3995: row 93
2025-08-07 00:11:30,794 INFO: Fetched https://archive.org/details/fromparistopeki00meig: author=None, year=None
2025-08-07 00:11:31,795 INFO: Processing 95/3995: row 94
2025-08-07 00:11:34,078 INFO: Fetched https://archive.org/details/fromparistopeki00meig: author=None, year=None
2025-08-07 00:11:35,080 INFO: Processing 96/3995: row 95
2025-08-07 00:11:39,175 INFO: Fetched https://archive.org/details/fromparistopeki00meig: author=None, year=None
2025-08-07 00:11:40,177 INFO: Processing 97/3995: row 96
2025-08-07 00:11:41,828 INFO: Fetched https://archive.org/details/fromparistopeki00meig: author=None, year=None
2025-08-07 00:11:42,830 INFO: Processing 98/3995: row 97
2025-08-07 00:11:44,966 INFO: Fetched https://archive.org/details/fromparistopeki00meig: author=None, year=None
2025-08-07 00:11:45,967 INFO: Processing 99/3995: row 98
2025-08-07 00:12:39,419 INFO: === Script start ===
2025-08-07 00:12:39,983 INFO: Starting fetch: total=3995, already done=98
2025-08-07 00:12:39,985 INFO: Processing [99/3995] row 98: https://archive.org/details/fromparistopeki00meig
2025-08-07 00:12:42,411 WARNING: No metadata found at https://archive.org/details/fromparistopeki00meig
2025-08-07 00:12:43,413 INFO: Processing [100/3995] row 99: https://archive.org/details/fromparistopeki00meig
2025-08-07 00:12:45,749 WARNING: No metadata found at https://archive.org/details/fromparistopeki00meig
2025-08-07 00:12:46,751 INFO: Processing [101/3995] row 100: https://archive.org/details/fromparistopeki00meig
2025-08-07 00:12:48,648 WARNING: No metadata found at https://archive.org/details/fromparistopeki00meig
2025-08-07 00:12:49,650 INFO: Processing [102/3995] row 101: https://archive.org/details/fromparistopeki00meig
2025-08-07 00:12:53,025 WARNING: No metadata found at https://archive.org/details/fromparistopeki00meig
2025-08-07 00:12:54,026 INFO: Processing [103/3995] row 102: https://archive.org/details/fromparistopeki00meig
2025-08-07 00:12:57,349 WARNING: No metadata found at https://archive.org/details/fromparistopeki00meig
2025-08-07 00:12:58,352 INFO: Processing [104/3995] row 103: https://archive.org/details/fromparistopeki00meig
2025-08-07 00:13:00,459 WARNING: No metadata found at https://archive.org/details/fromparistopeki00meig
2025-08-07 00:13:01,460 INFO: Processing [105/3995] row 104: https://archive.org/details/fromparistopeki00meig
2025-08-07 00:13:08,339 WARNING: No metadata found at https://archive.org/details/fromparistopeki00meig
2025-08-07 00:13:09,340 INFO: Processing [106/3995] row 105: https://archive.org/details/fromparistopeki00meig
2025-08-07 00:13:13,389 WARNING: No metadata found at https://archive.org/details/fromparistopeki00meig
2025-08-07 00:13:14,390 INFO: Processing [107/3995] row 106: https://archive.org/details/fromparistopeki00meig
2025-08-07 00:13:16,369 WARNING: No metadata found at https://archive.org/details/fromparistopeki00meig
2025-08-07 00:13:17,371 INFO: Processing [108/3995] row 107: https://archive.org/details/fromparistopeki00meig
2025-08-07 00:13:18,972 WARNING: No metadata found at https://archive.org/details/fromparistopeki00meig
2025-08-07 00:13:19,973 INFO: Processing [109/3995] row 108: https://archive.org/details/fromparistopeki00meig
2025-08-07 00:13:23,197 WARNING: No metadata found at https://archive.org/details/fromparistopeki00meig
2025-08-07 00:13:24,199 INFO: Processing [110/3995] row 109: https://archive.org/details/fromparistopeki00meig
2025-08-07 00:13:26,173 WARNING: No metadata found at https://archive.org/details/fromparistopeki00meig
2025-08-07 00:13:27,175 INFO: Processing [111/3995] row 110: https://archive.org/details/fromparistopeki00meig
2025-08-07 00:13:28,836 WARNING: No metadata found at https://archive.org/details/fromparistopeki00meig
2025-08-07 00:13:29,838 INFO: Processing [112/3995] row 111: https://archive.org/details/fromparistopeki00meig
2025-08-07 00:13:32,359 WARNING: No metadata found at https://archive.org/details/fromparistopeki00meig
2025-08-07 00:13:33,361 INFO: Processing [113/3995] row 112: https://archive.org/details/fromparistopeki00meig
2025-08-07 00:13:35,095 WARNING: No metadata found at https://archive.org/details/fromparistopeki00meig
2025-08-07 00:13:36,097 INFO: Processing [114/3995] row 113: https://archive.org/details/fromparistopeki00meig
2025-08-07 00:13:39,327 WARNING: No metadata found at https://archive.org/details/fromparistopeki00meig
2025-08-07 00:13:40,329 INFO: Processing [115/3995] row 114: https://archive.org/details/fromparistopeki00meig
2025-08-07 00:13:43,041 WARNING: No metadata found at https://archive.org/details/fromparistopeki00meig
2025-08-07 00:13:44,056 INFO: Processing [116/3995] row 115: https://archive.org/details/fromparistopeki00meig
2025-08-07 00:13:46,316 WARNING: No metadata found at https://archive.org/details/fromparistopeki00meig
2025-08-07 00:13:47,318 INFO: Processing [117/3995] row 116: https://archive.org/details/fromparistopeki00meig
2025-08-07 00:13:49,812 WARNING: No metadata found at https://archive.org/details/fromparistopeki00meig
2025-08-07 00:13:50,814 INFO: Processing [118/3995] row 117: https://archive.org/details/fromparistopeki00meig
2025-08-07 00:13:53,424 WARNING: No metadata found at https://archive.org/details/fromparistopeki00meig
2025-08-07 00:14:56,161 INFO: === Script start ===
2025-08-07 00:14:56,724 INFO: Starting fetch: total=3995, already done=0
2025-08-07 00:14:56,725 INFO: Processing [1/3995] row 0: https://archive.org/details/orientalwesterns00atkiuoft
2025-08-07 00:15:01,591 INFO: DT/DD fallback at https://archive.org/details/orientalwesterns00atkiuoft: author=Atkinson, Thomas Witlam, 1799-1861, year=1858
2025-08-07 00:15:02,593 INFO: Processing [2/3995] row 1: https://archive.org/details/orientalwesterns00atkiuoft
2025-08-07 00:15:05,853 INFO: DT/DD fallback at https://archive.org/details/orientalwesterns00atkiuoft: author=Atkinson, Thomas Witlam, 1799-1861, year=1858
2025-08-07 00:15:06,855 INFO: Processing [3/3995] row 2: https://archive.org/details/orientalwesterns00atkiuoft
2025-08-07 00:15:09,896 INFO: DT/DD fallback at https://archive.org/details/orientalwesterns00atkiuoft: author=Atkinson, Thomas Witlam, 1799-1861, year=1858
2025-08-07 00:15:10,897 INFO: Processing [4/3995] row 3: https://archive.org/details/peoplesandpolit01normgoog
2025-08-07 00:15:12,669 INFO: DT/DD fallback at https://archive.org/details/peoplesandpolit01normgoog: author=Norman, Henry, 1858-1939, year=1895
2025-08-07 00:15:13,670 INFO: Processing [5/3995] row 4: https://archive.org/details/russiancentrala02lansgoog
2025-08-07 00:15:15,452 INFO: DT/DD fallback at https://archive.org/details/russiancentrala02lansgoog: author=Lansdell, Henry, 1841-1919, year=1885
2025-08-07 00:15:16,453 INFO: Processing [6/3995] row 5: https://archive.org/details/russiancentrala02lansgoog
2025-08-07 00:15:18,093 INFO: DT/DD fallback at https://archive.org/details/russiancentrala02lansgoog: author=Lansdell, Henry, 1841-1919, year=1885
2025-08-07 00:15:19,094 INFO: Processing [7/3995] row 6: https://archive.org/details/russiancentrala02lansgoog
2025-08-07 00:15:20,940 INFO: DT/DD fallback at https://archive.org/details/russiancentrala02lansgoog: author=Lansdell, Henry, 1841-1919, year=1885
2025-08-07 00:15:21,943 INFO: Processing [8/3995] row 7: https://archive.org/details/russiancentrala02lansgoog
2025-08-07 00:15:23,974 INFO: DT/DD fallback at https://archive.org/details/russiancentrala02lansgoog: author=Lansdell, Henry, 1841-1919, year=1885
2025-08-07 00:15:24,976 INFO: Processing [9/3995] row 8: https://archive.org/details/russiancentrala02lansgoog
2025-08-07 00:15:27,545 INFO: DT/DD fallback at https://archive.org/details/russiancentrala02lansgoog: author=Lansdell, Henry, 1841-1919, year=1885
2025-08-07 00:15:28,547 INFO: Processing [10/3995] row 9: https://archive.org/details/russiancentrala02lansgoog
2025-08-07 00:15:30,173 INFO: DT/DD fallback at https://archive.org/details/russiancentrala02lansgoog: author=Lansdell, Henry, 1841-1919, year=1885
2025-08-07 00:15:31,174 INFO: Processing [11/3995] row 10: https://archive.org/details/russiancentrala02lansgoog
2025-08-07 00:15:36,158 INFO: DT/DD fallback at https://archive.org/details/russiancentrala02lansgoog: author=Lansdell, Henry, 1841-1919, year=1885
2025-08-07 00:15:37,160 INFO: Processing [12/3995] row 11: https://archive.org/details/russiancentrala02lansgoog
2025-08-07 00:15:38,790 INFO: DT/DD fallback at https://archive.org/details/russiancentrala02lansgoog: author=Lansdell, Henry, 1841-1919, year=1885
2025-08-07 00:15:39,792 INFO: Processing [13/3995] row 12: https://archive.org/details/russiancentrala02lansgoog
2025-08-07 00:15:41,567 INFO: DT/DD fallback at https://archive.org/details/russiancentrala02lansgoog: author=Lansdell, Henry, 1841-1919, year=1885
2025-08-07 00:15:42,569 INFO: Processing [14/3995] row 13: https://archive.org/details/russiancentrala02lansgoog
2025-08-07 00:15:44,178 INFO: DT/DD fallback at https://archive.org/details/russiancentrala02lansgoog: author=Lansdell, Henry, 1841-1919, year=1885
2025-08-07 00:15:45,180 INFO: Processing [15/3995] row 14: https://archive.org/details/russiancentrala02lansgoog
2025-08-07 00:15:46,606 INFO: DT/DD fallback at https://archive.org/details/russiancentrala02lansgoog: author=Lansdell, Henry, 1841-1919, year=1885
2025-08-07 00:15:47,608 INFO: Processing [16/3995] row 15: https://archive.org/details/russiancentrala02lansgoog
2025-08-07 00:15:49,551 INFO: DT/DD fallback at https://archive.org/details/russiancentrala02lansgoog: author=Lansdell, Henry, 1841-1919, year=1885
2025-08-07 00:15:50,552 INFO: Processing [17/3995] row 16: https://archive.org/details/russiancentrala02lansgoog
2025-08-07 00:15:52,092 INFO: DT/DD fallback at https://archive.org/details/russiancentrala02lansgoog: author=Lansdell, Henry, 1841-1919, year=1885
2025-08-07 00:15:53,094 INFO: Processing [18/3995] row 17: https://archive.org/details/russiancentrala02lansgoog
2025-08-07 00:15:54,589 INFO: DT/DD fallback at https://archive.org/details/russiancentrala02lansgoog: author=Lansdell, Henry, 1841-1919, year=1885
2025-08-07 00:15:55,590 INFO: Processing [19/3995] row 18: https://archive.org/details/russiancentrala02lansgoog
2025-08-07 00:15:57,447 INFO: DT/DD fallback at https://archive.org/details/russiancentrala02lansgoog: author=Lansdell, Henry, 1841-1919, year=1885
2025-08-07 00:15:58,450 INFO: Processing [20/3995] row 19: https://archive.org/details/russiancentrala02lansgoog
2025-08-07 00:15:59,991 INFO: DT/DD fallback at https://archive.org/details/russiancentrala02lansgoog: author=Lansdell, Henry, 1841-1919, year=1885
2025-08-07 00:16:00,993 INFO: Processing [21/3995] row 20: https://archive.org/details/russiancentrala02lansgoog
2025-08-07 00:16:02,853 INFO: DT/DD fallback at https://archive.org/details/russiancentrala02lansgoog: author=Lansdell, Henry, 1841-1919, year=1885
2025-08-07 00:16:03,854 INFO: Processing [22/3995] row 21: https://archive.org/details/russiancentrala02lansgoog
2025-08-07 00:16:05,327 INFO: DT/DD fallback at https://archive.org/details/russiancentrala02lansgoog: author=Lansdell, Henry, 1841-1919, year=1885
2025-08-07 00:16:06,329 INFO: Processing [23/3995] row 22: https://archive.org/details/russiancentrala02lansgoog
2025-08-07 00:16:07,985 INFO: DT/DD fallback at https://archive.org/details/russiancentrala02lansgoog: author=Lansdell, Henry, 1841-1919, year=1885
2025-08-07 00:16:08,987 INFO: Processing [24/3995] row 23: https://archive.org/details/russiancentrala02lansgoog
2025-08-07 00:16:10,442 INFO: DT/DD fallback at https://archive.org/details/russiancentrala02lansgoog: author=Lansdell, Henry, 1841-1919, year=1885
2025-08-07 00:16:11,445 INFO: Processing [25/3995] row 24: https://archive.org/details/russiancentrala02lansgoog
2025-08-07 00:16:12,942 INFO: DT/DD fallback at https://archive.org/details/russiancentrala02lansgoog: author=Lansdell, Henry, 1841-1919, year=1885
2025-08-07 00:16:13,944 INFO: Processing [26/3995] row 25: https://archive.org/details/russiancentrala02lansgoog
2025-08-07 00:16:15,729 INFO: DT/DD fallback at https://archive.org/details/russiancentrala02lansgoog: author=Lansdell, Henry, 1841-1919, year=1885
2025-08-07 00:16:16,731 INFO: Processing [27/3995] row 26: https://archive.org/details/russiancentrala02lansgoog
2025-08-07 00:16:19,718 INFO: DT/DD fallback at https://archive.org/details/russiancentrala02lansgoog: author=Lansdell, Henry, 1841-1919, year=1885
2025-08-07 00:16:20,719 INFO: Processing [28/3995] row 27: https://archive.org/details/russiancentrala02lansgoog
2025-08-07 00:16:22,741 INFO: DT/DD fallback at https://archive.org/details/russiancentrala02lansgoog: author=Lansdell, Henry, 1841-1919, year=1885
2025-08-07 00:16:23,742 INFO: Processing [29/3995] row 28: https://archive.org/details/russiancentrala02lansgoog
2025-08-07 00:16:25,421 INFO: DT/DD fallback at https://archive.org/details/russiancentrala02lansgoog: author=Lansdell, Henry, 1841-1919, year=1885
2025-08-07 00:16:26,423 INFO: Processing [30/3995] row 29: https://archive.org/details/russiancentrala02lansgoog
2025-08-07 00:16:29,196 INFO: DT/DD fallback at https://archive.org/details/russiancentrala02lansgoog: author=Lansdell, Henry, 1841-1919, year=1885
2025-08-07 00:16:30,198 INFO: Processing [31/3995] row 30: https://archive.org/details/russiancentrala02lansgoog
2025-08-07 00:16:32,362 INFO: DT/DD fallback at https://archive.org/details/russiancentrala02lansgoog: author=Lansdell, Henry, 1841-1919, year=1885
2025-08-07 00:16:33,363 INFO: Processing [32/3995] row 31: https://archive.org/details/russiancentrala02lansgoog
2025-08-07 00:16:34,839 INFO: DT/DD fallback at https://archive.org/details/russiancentrala02lansgoog: author=Lansdell, Henry, 1841-1919, year=1885
2025-08-07 00:16:35,840 INFO: Processing [33/3995] row 32: https://archive.org/details/russiancentrala02lansgoog
2025-08-07 00:16:37,352 INFO: DT/DD fallback at https://archive.org/details/russiancentrala02lansgoog: author=Lansdell, Henry, 1841-1919, year=1885
2025-08-07 00:16:38,353 INFO: Processing [34/3995] row 33: https://archive.org/details/russiancentrala02lansgoog
2025-08-07 00:16:40,101 INFO: DT/DD fallback at https://archive.org/details/russiancentrala02lansgoog: author=Lansdell, Henry, 1841-1919, year=1885
2025-08-07 00:16:41,102 INFO: Processing [35/3995] row 34: https://archive.org/details/russiancentrala02lansgoog
2025-08-07 00:16:46,075 INFO: DT/DD fallback at https://archive.org/details/russiancentrala02lansgoog: author=Lansdell, Henry, 1841-1919, year=1885
2025-08-07 00:16:47,077 INFO: Processing [36/3995] row 35: https://archive.org/details/russiancentrala02lansgoog
2025-08-07 00:16:48,723 INFO: DT/DD fallback at https://archive.org/details/russiancentrala02lansgoog: author=Lansdell, Henry, 1841-1919, year=1885
2025-08-07 00:16:49,725 INFO: Processing [37/3995] row 36: https://archive.org/details/russiancentrala02lansgoog
2025-08-07 00:16:52,473 INFO: DT/DD fallback at https://archive.org/details/russiancentrala02lansgoog: author=Lansdell, Henry, 1841-1919, year=1885
2025-08-07 00:16:53,476 INFO: Processing [38/3995] row 37: https://archive.org/details/russiancentrala02lansgoog
2025-08-07 00:16:55,161 INFO: DT/DD fallback at https://archive.org/details/russiancentrala02lansgoog: author=Lansdell, Henry, 1841-1919, year=1885
2025-08-07 00:16:56,163 INFO: Processing [39/3995] row 38: https://archive.org/details/russiancentrala02lansgoog
2025-08-07 00:17:00,292 INFO: DT/DD fallback at https://archive.org/details/russiancentrala02lansgoog: author=Lansdell, Henry, 1841-1919, year=1885
2025-08-07 00:17:01,293 INFO: Processing [40/3995] row 39: https://archive.org/details/russiancentrala02lansgoog
2025-08-07 00:17:07,773 INFO: DT/DD fallback at https://archive.org/details/russiancentrala02lansgoog: author=Lansdell, Henry, 1841-1919, year=1885
2025-08-07 00:17:08,776 INFO: Processing [41/3995] row 40: https://archive.org/details/russiancentrala02lansgoog
2025-08-07 00:17:10,360 INFO: DT/DD fallback at https://archive.org/details/russiancentrala02lansgoog: author=Lansdell, Henry, 1841-1919, year=1885
2025-08-07 00:17:11,362 INFO: Processing [42/3995] row 41: https://archive.org/details/russiancentrala02lansgoog
2025-08-07 00:17:12,913 INFO: DT/DD fallback at https://archive.org/details/russiancentrala02lansgoog: author=Lansdell, Henry, 1841-1919, year=1885
2025-08-07 00:17:13,915 INFO: Processing [43/3995] row 42: https://archive.org/details/russiancentrala02lansgoog
2025-08-07 00:17:15,624 INFO: DT/DD fallback at https://archive.org/details/russiancentrala02lansgoog: author=Lansdell, Henry, 1841-1919, year=1885
2025-08-07 00:17:16,626 INFO: Processing [44/3995] row 43: https://archive.org/details/russiancentrala02lansgoog
2025-08-07 00:17:18,054 INFO: DT/DD fallback at https://archive.org/details/russiancentrala02lansgoog: author=Lansdell, Henry, 1841-1919, year=1885
2025-08-07 00:17:19,055 INFO: Processing [45/3995] row 44: https://archive.org/details/russiancentrala02lansgoog
2025-08-07 00:17:20,863 INFO: DT/DD fallback at https://archive.org/details/russiancentrala02lansgoog: author=Lansdell, Henry, 1841-1919, year=1885
2025-08-07 00:17:21,864 INFO: Processing [46/3995] row 45: https://archive.org/details/russiancentrala02lansgoog
2025-08-07 00:17:23,950 INFO: DT/DD fallback at https://archive.org/details/russiancentrala02lansgoog: author=Lansdell, Henry, 1841-1919, year=1885
2025-08-07 00:17:24,951 INFO: Processing [47/3995] row 46: https://archive.org/details/russiancentrala02lansgoog
2025-08-07 00:17:26,870 INFO: DT/DD fallback at https://archive.org/details/russiancentrala02lansgoog: author=Lansdell, Henry, 1841-1919, year=1885
2025-08-07 00:17:27,871 INFO: Processing [48/3995] row 47: https://archive.org/details/russiancentrala02lansgoog
2025-08-07 00:17:29,430 INFO: DT/DD fallback at https://archive.org/details/russiancentrala02lansgoog: author=Lansdell, Henry, 1841-1919, year=1885
2025-08-07 00:17:30,433 INFO: Processing [49/3995] row 48: https://archive.org/details/russiancentrala02lansgoog
2025-08-07 00:17:33,242 INFO: DT/DD fallback at https://archive.org/details/russiancentrala02lansgoog: author=Lansdell, Henry, 1841-1919, year=1885
2025-08-07 00:17:34,244 INFO: Processing [50/3995] row 49: https://archive.org/details/russiancentrala02lansgoog
2025-08-07 00:17:35,962 INFO: DT/DD fallback at https://archive.org/details/russiancentrala02lansgoog: author=Lansdell, Henry, 1841-1919, year=1885
2025-08-07 00:17:36,964 INFO: Processing [51/3995] row 50: https://archive.org/details/russiancentrala02lansgoog
2025-08-07 00:17:40,993 INFO: DT/DD fallback at https://archive.org/details/russiancentrala02lansgoog: author=Lansdell, Henry, 1841-1919, year=1885
2025-08-07 00:17:41,994 INFO: Processing [52/3995] row 51: https://archive.org/details/russiancentrala02lansgoog
2025-08-07 00:17:43,806 INFO: DT/DD fallback at https://archive.org/details/russiancentrala02lansgoog: author=Lansdell, Henry, 1841-1919, year=1885
2025-08-07 00:17:44,807 INFO: Processing [53/3995] row 52: https://archive.org/details/russiancentrala02lansgoog
2025-08-07 00:17:46,736 INFO: DT/DD fallback at https://archive.org/details/russiancentrala02lansgoog: author=Lansdell, Henry, 1841-1919, year=1885
2025-08-07 00:17:47,738 INFO: Processing [54/3995] row 53: https://archive.org/details/russiancentrala02lansgoog
2025-08-07 00:17:52,062 INFO: DT/DD fallback at https://archive.org/details/russiancentrala02lansgoog: author=Lansdell, Henry, 1841-1919, year=1885
2025-08-07 00:17:53,064 INFO: Processing [55/3995] row 54: https://archive.org/details/russiancentrala02lansgoog
2025-08-07 00:17:54,909 INFO: DT/DD fallback at https://archive.org/details/russiancentrala02lansgoog: author=Lansdell, Henry, 1841-1919, year=1885
2025-08-07 00:17:55,910 INFO: Processing [56/3995] row 55: https://archive.org/details/39020001508046-alltherussianst
2025-08-07 00:17:57,757 INFO: DT/DD fallback at https://archive.org/details/39020001508046-alltherussianst: author=Norman, Henry, 1858-1939, year=1902
2025-08-07 00:17:58,758 INFO: Processing [57/3995] row 56: https://archive.org/details/39020001508046-alltherussianst
2025-08-07 00:18:01,270 INFO: DT/DD fallback at https://archive.org/details/39020001508046-alltherussianst: author=Norman, Henry, 1858-1939, year=1902
2025-08-07 00:18:02,272 INFO: Processing [58/3995] row 57: https://archive.org/details/39020001508046-alltherussianst
2025-08-07 00:18:03,754 INFO: DT/DD fallback at https://archive.org/details/39020001508046-alltherussianst: author=Norman, Henry, 1858-1939, year=1902
2025-08-07 00:18:04,756 INFO: Processing [59/3995] row 58: https://archive.org/details/39020001508046-alltherussianst
2025-08-07 00:18:06,313 INFO: DT/DD fallback at https://archive.org/details/39020001508046-alltherussianst: author=Norman, Henry, 1858-1939, year=1902
2025-08-07 00:18:07,315 INFO: Processing [60/3995] row 59: https://archive.org/details/39020001508046-alltherussianst
2025-08-07 00:18:09,052 INFO: DT/DD fallback at https://archive.org/details/39020001508046-alltherussianst: author=Norman, Henry, 1858-1939, year=1902
2025-08-07 00:18:10,054 INFO: Processing [61/3995] row 60: https://archive.org/details/39020001508046-alltherussianst
2025-08-07 00:18:11,527 INFO: DT/DD fallback at https://archive.org/details/39020001508046-alltherussianst: author=Norman, Henry, 1858-1939, year=1902
2025-08-07 00:18:12,529 INFO: Processing [62/3995] row 61: https://archive.org/details/39020001508046-alltherussianst
2025-08-07 00:18:14,147 INFO: DT/DD fallback at https://archive.org/details/39020001508046-alltherussianst: author=Norman, Henry, 1858-1939, year=1902
2025-08-07 00:18:15,148 INFO: Processing [63/3995] row 62: https://archive.org/details/39020001508046-alltherussianst
2025-08-07 00:18:16,518 INFO: DT/DD fallback at https://archive.org/details/39020001508046-alltherussianst: author=Norman, Henry, 1858-1939, year=1902
2025-08-07 00:18:17,521 INFO: Processing [64/3995] row 63: https://archive.org/details/39020001508046-alltherussianst
2025-08-07 00:18:19,374 INFO: DT/DD fallback at https://archive.org/details/39020001508046-alltherussianst: author=Norman, Henry, 1858-1939, year=1902
2025-08-07 00:18:20,375 INFO: Processing [65/3995] row 64: https://archive.org/details/39020001508046-alltherussianst
2025-08-07 00:18:22,407 INFO: DT/DD fallback at https://archive.org/details/39020001508046-alltherussianst: author=Norman, Henry, 1858-1939, year=1902
2025-08-07 00:18:23,409 INFO: Processing [66/3995] row 65: https://archive.org/details/39020001508046-alltherussianst
2025-08-07 00:18:25,168 INFO: DT/DD fallback at https://archive.org/details/39020001508046-alltherussianst: author=Norman, Henry, 1858-1939, year=1902
2025-08-07 00:18:26,170 INFO: Processing [67/3995] row 66: https://archive.org/details/39020001508046-alltherussianst
2025-08-07 00:18:27,878 INFO: DT/DD fallback at https://archive.org/details/39020001508046-alltherussianst: author=Norman, Henry, 1858-1939, year=1902
2025-08-07 00:18:28,881 INFO: Processing [68/3995] row 67: https://archive.org/details/39020001508046-alltherussianst
2025-08-07 00:18:31,752 INFO: DT/DD fallback at https://archive.org/details/39020001508046-alltherussianst: author=Norman, Henry, 1858-1939, year=1902
2025-08-07 00:18:32,753 INFO: Processing [69/3995] row 68: https://archive.org/details/39020001508046-alltherussianst
2025-08-07 00:18:34,088 INFO: DT/DD fallback at https://archive.org/details/39020001508046-alltherussianst: author=Norman, Henry, 1858-1939, year=1902
2025-08-07 00:18:35,091 INFO: Processing [70/3995] row 69: https://archive.org/details/39020001508046-alltherussianst
2025-08-07 00:18:38,485 INFO: DT/DD fallback at https://archive.org/details/39020001508046-alltherussianst: author=Norman, Henry, 1858-1939, year=1902
2025-08-07 00:18:39,487 INFO: Processing [71/3995] row 70: https://archive.org/details/39020001508046-alltherussianst
2025-08-07 00:18:41,191 INFO: DT/DD fallback at https://archive.org/details/39020001508046-alltherussianst: author=Norman, Henry, 1858-1939, year=1902
2025-08-07 00:18:42,193 INFO: Processing [72/3995] row 71: https://archive.org/details/fromarcticoceant00pric
2025-08-07 00:18:44,065 INFO: DT/DD fallback at https://archive.org/details/fromarcticoceant00pric: author=Price, Julius M. (Julius Mendes), d. 1924, year=1892
2025-08-07 00:18:45,066 INFO: Processing [73/3995] row 72: https://archive.org/details/fromarcticoceant00pric
2025-08-07 00:18:48,854 INFO: DT/DD fallback at https://archive.org/details/fromarcticoceant00pric: author=Price, Julius M. (Julius Mendes), d. 1924, year=1892
2025-08-07 00:18:49,855 INFO: Processing [74/3995] row 73: https://archive.org/details/fromarcticoceant00pric
2025-08-07 00:18:51,537 INFO: DT/DD fallback at https://archive.org/details/fromarcticoceant00pric: author=Price, Julius M. (Julius Mendes), d. 1924, year=1892
2025-08-07 00:18:52,539 INFO: Processing [75/3995] row 74: https://archive.org/details/fromarcticoceant00pric
2025-08-07 00:22:31,989 INFO: === Script start ===
2025-08-07 00:22:32,550 INFO: Starting fetch: total=3995, already done=74
2025-08-07 00:22:32,555 INFO: Processing [75/3995] row 74: https://archive.org/details/fromarcticoceant00pric
2025-08-07 00:22:41,795 INFO: DT/DD fallback at https://archive.org/details/fromarcticoceant00pric: author=Price, Julius M. (Julius Mendes), d. 1924, year=1892
2025-08-07 00:22:42,797 INFO: Processing [76/3995] row 75: https://archive.org/details/fromarcticoceant00pric
2025-08-07 00:22:46,035 INFO: DT/DD fallback at https://archive.org/details/fromarcticoceant00pric: author=Price, Julius M. (Julius Mendes), d. 1924, year=1892
2025-08-07 00:22:47,037 INFO: Processing [77/3995] row 76: https://archive.org/details/fromarcticoceant00pric
2025-08-07 00:22:52,168 INFO: DT/DD fallback at https://archive.org/details/fromarcticoceant00pric: author=Price, Julius M. (Julius Mendes), d. 1924, year=1892
2025-08-07 00:22:53,170 INFO: Processing [78/3995] row 77: https://archive.org/details/fromparistopeki00meig
2025-08-07 00:22:56,075 INFO: DT/DD fallback at https://archive.org/details/fromparistopeki00meig: author=Meignan, Victor, 1846-;Conn, William, year=1885
2025-08-07 00:22:57,076 INFO: Processing [79/3995] row 78: https://archive.org/details/fromparistopeki00meig
2025-08-07 00:22:59,196 INFO: DT/DD fallback at https://archive.org/details/fromparistopeki00meig: author=Meignan, Victor, 1846-;Conn, William, year=1885
2025-08-07 00:23:00,197 INFO: Processing [80/3995] row 79: https://archive.org/details/fromparistopeki00meig
2025-08-07 00:23:02,909 INFO: DT/DD fallback at https://archive.org/details/fromparistopeki00meig: author=Meignan, Victor, 1846-;Conn, William, year=1885
2025-08-07 00:23:03,911 INFO: Processing [81/3995] row 80: https://archive.org/details/fromparistopeki00meig
2025-08-07 00:23:05,995 INFO: DT/DD fallback at https://archive.org/details/fromparistopeki00meig: author=Meignan, Victor, 1846-;Conn, William, year=1885
2025-08-07 00:23:06,996 INFO: Processing [82/3995] row 81: https://archive.org/details/fromparistopeki00meig
2025-08-07 00:23:09,089 INFO: DT/DD fallback at https://archive.org/details/fromparistopeki00meig: author=Meignan, Victor, 1846-;Conn, William, year=1885
2025-08-07 00:23:10,090 INFO: Processing [83/3995] row 82: https://archive.org/details/fromparistopeki00meig
2025-08-07 00:23:11,968 INFO: DT/DD fallback at https://archive.org/details/fromparistopeki00meig: author=Meignan, Victor, 1846-;Conn, William, year=1885
2025-08-07 00:23:12,970 INFO: Processing [84/3995] row 83: https://archive.org/details/fromparistopeki00meig
2025-08-07 00:23:15,968 INFO: DT/DD fallback at https://archive.org/details/fromparistopeki00meig: author=Meignan, Victor, 1846-;Conn, William, year=1885
2025-08-07 00:23:16,969 INFO: Processing [85/3995] row 84: https://archive.org/details/fromparistopeki00meig
2025-08-07 00:23:19,967 INFO: DT/DD fallback at https://archive.org/details/fromparistopeki00meig: author=Meignan, Victor, 1846-;Conn, William, year=1885
2025-08-07 00:23:20,969 INFO: Processing [86/3995] row 85: https://archive.org/details/fromparistopeki00meig
2025-08-07 00:23:24,794 INFO: DT/DD fallback at https://archive.org/details/fromparistopeki00meig: author=Meignan, Victor, 1846-;Conn, William, year=1885
2025-08-07 00:23:25,795 INFO: Processing [87/3995] row 86: https://archive.org/details/fromparistopeki00meig
2025-08-07 00:23:29,065 INFO: DT/DD fallback at https://archive.org/details/fromparistopeki00meig: author=Meignan, Victor, 1846-;Conn, William, year=1885
2025-08-07 00:23:30,067 INFO: Processing [88/3995] row 87: https://archive.org/details/fromparistopeki00meig
2025-08-07 00:23:32,666 INFO: DT/DD fallback at https://archive.org/details/fromparistopeki00meig: author=Meignan, Victor, 1846-;Conn, William, year=1885
2025-08-07 00:23:33,667 INFO: Processing [89/3995] row 88: https://archive.org/details/fromparistopeki00meig
2025-08-07 00:23:36,359 INFO: DT/DD fallback at https://archive.org/details/fromparistopeki00meig: author=Meignan, Victor, 1846-;Conn, William, year=1885
2025-08-07 00:23:37,360 INFO: Processing [90/3995] row 89: https://archive.org/details/fromparistopeki00meig
2025-08-07 00:23:39,833 INFO: DT/DD fallback at https://archive.org/details/fromparistopeki00meig: author=Meignan, Victor, 1846-;Conn, William, year=1885
2025-08-07 00:23:40,834 INFO: Processing [91/3995] row 90: https://archive.org/details/fromparistopeki00meig
2025-08-07 00:23:46,058 INFO: DT/DD fallback at https://archive.org/details/fromparistopeki00meig: author=Meignan, Victor, 1846-;Conn, William, year=1885
2025-08-07 00:23:47,059 INFO: Processing [92/3995] row 91: https://archive.org/details/fromparistopeki00meig
2025-08-07 00:23:49,763 INFO: DT/DD fallback at https://archive.org/details/fromparistopeki00meig: author=Meignan, Victor, 1846-;Conn, William, year=1885
2025-08-07 00:23:50,764 INFO: Processing [93/3995] row 92: https://archive.org/details/fromparistopeki00meig
2025-08-07 00:23:53,552 INFO: DT/DD fallback at https://archive.org/details/fromparistopeki00meig: author=Meignan, Victor, 1846-;Conn, William, year=1885
2025-08-07 00:36:38,646 ERROR: HTTP error https://archive.org/details/asiaticrussia01wriguoft: HTTPSConnectionPool(host='archive.org', port=443): Read timed out. (read timeout=10)
2025-08-07 00:53:03,893 ERROR: HTTP error https://archive.org/details/sidelightsonsib00simp: HTTPSConnectionPool(host='archive.org', port=443): Read timed out. (read timeout=10)
2025-08-07 01:07:35,840 ERROR: HTTP error https://archive.org/details/birdsofsiberiare00seebrich: HTTPSConnectionPool(host='archive.org', port=443): Read timed out. (read timeout=10)
2025-08-07 01:18:57,633 ERROR: HTTP error https://archive.org/details/allrussiastravel00normuoft: HTTPSConnectionPool(host='archive.org', port=443): Read timed out. (read timeout=10)
2025-08-07 01:22:18,433 ERROR: HTTP error https://archive.org/details/39020001716441-siberiaandcentr: HTTPSConnectionPool(host='archive.org', port=443): Read timed out. (read timeout=10)
2025-08-07 01:22:54,567 ERROR: HTTP error https://archive.org/details/39020001716441-siberiaandcentr: HTTPSConnectionPool(host='archive.org', port=443): Read timed out. (read timeout=10)
2025-08-07 01:27:32,504 ERROR: HTTP error https://archive.org/details/birdsofsiberiare00seeb: HTTPSConnectionPool(host='archive.org', port=443): Read timed out. (read timeout=10)
2025-08-07 01:28:21,026 ERROR: HTTP error https://archive.org/details/birdsofsiberiare00seeb: HTTPSConnectionPool(host='archive.org', port=443): Read timed out.
2025-08-07 01:42:22,898 ERROR: HTTP error https://archive.org/details/birdsofsiberiare00seeb: HTTPSConnectionPool(host='archive.org', port=443): Read timed out. (read timeout=10)
2025-08-07 01:43:47,255 ERROR: HTTP error https://archive.org/details/birdsofsiberiare00seeb: HTTPSConnectionPool(host='archive.org', port=443): Read timed out. (read timeout=10)
2025-08-07 01:44:27,734 ERROR: HTTP error https://archive.org/details/birdsofsiberiare00seeb: HTTPSConnectionPool(host='archive.org', port=443): Read timed out.
2025-08-07 01:46:07,344 ERROR: HTTP error https://archive.org/details/cu31924081072922: HTTPSConnectionPool(host='archive.org', port=443): Read timed out. (read timeout=10)
